2022-11-26 20:10:05(0.91663700 1669489805) - select * from venta
---
2022-11-26 20:10:05(0.92057900 1669489805) - SELECT sum(aforo) as suma FROM master_aulas WHERE tipo=1
---
2022-11-26 20:10:05(0.94336400 1669489805) - gesEstadoPuesto: 1, 1, 2022-11-11, 12
---
2022-11-26 20:10:05(0.94692300 1669489805) - SELECT * FROM estados WHERE aula=1 AND puesto=1 AND YEAR(au_fec_alta)=YEAR('2022-11-11') AND MONTH(au_fec_alta)=MONTH('2022-11-11') AND DAY(au_fec_alta)=DAY('2022-11-11') AND HOUR(au_fec_alta)=12
---
2022-11-26 20:10:05(0.95188700 1669489805) - SELECT * FROM reservas WHERE id_puesto=1 AND YEAR(au_fec_alta)=YEAR('2022-11-11 12:00:00') AND MONTH(au_fec_alta)=MONTH('2022-11-11 12:00:00') AND DAY(au_fec_alta)=DAY('2022-11-11 12:00:00') AND HOUR(au_fec_alta)=12 AND id_usuario=10
---
2022-11-26 20:10:51(0.94901900 1669489851) - select * from venta
---
2022-11-26 20:10:51(0.97784700 1669489851) - SELECT sum(aforo) as suma FROM master_aulas WHERE tipo=1
---
2022-11-26 20:10:52(0.00902300 1669489852) - gesEstadoPuesto: 1, 1, 2022-11-11, 12
---
2022-11-26 20:10:52(0.01532800 1669489852) - SELECT * FROM estados WHERE aula=1 AND puesto=1 AND YEAR(au_fec_alta)=YEAR('2022-11-11') AND MONTH(au_fec_alta)=MONTH('2022-11-11') AND DAY(au_fec_alta)=DAY('2022-11-11') AND HOUR(au_fec_alta)=12
---
2022-11-26 20:10:52(0.02314100 1669489852) - SELECT * FROM reservas WHERE id_puesto=1 AND YEAR(au_fec_alta)=YEAR('2022-11-11 12:00:00') AND MONTH(au_fec_alta)=MONTH('2022-11-11 12:00:00') AND DAY(au_fec_alta)=DAY('2022-11-11 12:00:00') AND HOUR(au_fec_alta)=12 AND id_usuario=10
---
2022-11-26 20:21:52(0.60576000 1669490512) - select * from venta
---
2022-11-26 20:21:52(0.63423400 1669490512) - SELECT sum(aforo) as suma FROM master_aulas WHERE tipo=1
---
2022-11-26 20:21:52(0.64799300 1669490512) - gesEstadoPuesto: 1, 1, 2022-11-11, 12
---
2022-11-26 20:21:52(0.65639300 1669490512) - SELECT * FROM estados WHERE aula=1 AND puesto=1 AND YEAR(au_fec_alta)=YEAR('2022-11-11') AND MONTH(au_fec_alta)=MONTH('2022-11-11') AND DAY(au_fec_alta)=DAY('2022-11-11') AND HOUR(au_fec_alta)=12
---
2022-11-26 20:21:52(0.66546500 1669490512) - SELECT * FROM reservas WHERE id_puesto=1 AND YEAR(au_fec_alta)=YEAR('2022-11-11 12:00:00') AND MONTH(au_fec_alta)=MONTH('2022-11-11 12:00:00') AND DAY(au_fec_alta)=DAY('2022-11-11 12:00:00') AND HOUR(au_fec_alta)=12 AND id_usuario=10
---
