2022-11-26 21:07:38(0.52548400 1669493258) - select * from venta
---
2022-11-26 21:07:38(0.53030600 1669493258) - SELECT sum(aforo) as suma FROM master_aulas WHERE tipo=1
---
2022-11-26 21:07:38(0.55409200 1669493258) - gesEstadoPuesto: 1, 1, 2022-11-11, 12
---
2022-11-26 21:07:38(0.55696000 1669493258) - SELECT * FROM estados WHERE aula=1 AND puesto=1 AND YEAR(au_fec_alta)=YEAR('2022-11-11') AND MONTH(au_fec_alta)=MONTH('2022-11-11') AND DAY(au_fec_alta)=DAY('2022-11-11') AND HOUR(au_fec_alta)=12
---
2022-11-26 21:07:38(0.56206600 1669493258) - SELECT * FROM reservas WHERE id_puesto=1 AND YEAR(au_fec_alta)=YEAR('2022-11-11 12:00:00') AND MONTH(au_fec_alta)=MONTH('2022-11-11 12:00:00') AND DAY(au_fec_alta)=DAY('2022-11-11 12:00:00') AND HOUR(au_fec_alta)=12 AND id_usuario=10
---
2022-11-26 21:07:41(0.91108500 1669493261) - select * from master_aulas
---
2022-11-26 21:09:39(0.99235500 1669493379) - select * from master_aulas
---
2022-11-26 21:10:22(0.41588900 1669493422) - select * from master_aulas
---
2022-11-26 21:10:41(0.27414300 1669493441) - select * from master_aulas
---
2022-11-26 21:11:00(0.89211800 1669493460) - select * from master_aulas
---
2022-11-26 21:11:12(0.52324400 1669493472) - select * from master_aulas
---
2022-11-26 21:11:32(0.89579600 1669493492) - select * from master_aulas
---
2022-11-26 21:11:42(0.97339400 1669493502) - select * from master_aulas
---
2022-11-26 21:13:10(0.93402500 1669493590) - select * from master_aulas
---
2022-11-26 21:13:53(0.39037800 1669493633) - select * from master_aulas
---
2022-11-26 21:13:54(0.91384600 1669493634) - select * from master_aulas
---
2022-11-26 21:17:31(0.19603000 1669493851) - select * from master_aulas
---
2022-11-26 21:17:43(0.84861100 1669493863) - select * from master_aulas
---
2022-11-26 21:56:41(0.57971100 1669496201) - select * from master_aulas
---
2022-11-26 21:57:43(0.03331100 1669496263) - select * from master_aulas
---
2022-11-26 21:57:51(0.80628000 1669496271) - select * from master_aulas
---
2022-11-26 21:57:52(0.80394700 1669496272) - select * from master_aulas
---
2022-11-26 21:58:15(0.26061900 1669496295) - select * from master_aulas
---
2022-11-26 21:58:16(0.24873700 1669496296) - select * from master_aulas
---
2022-11-26 21:58:17(0.12000500 1669496297) - select * from master_aulas
---
2022-11-26 21:58:59(0.26705600 1669496339) - select * from master_aulas
---
2022-11-26 21:59:00(0.88601400 1669496340) - select * from master_aulas
---
2022-11-26 21:59:10(0.97570500 1669496350) - select * from master_aulas
---
2022-11-26 21:59:11(0.78696900 1669496351) - select * from master_aulas
---
2022-11-26 21:59:12(0.19649700 1669496352) - select * from master_aulas
---
