2022-11-17 18:34:18(0.73965600 1668706458) - Entorno LOCAL
---
2022-11-17 18:34:18(0.75962000 1668706458) - INSERT INTO accesos_usuarios(user_id, perfil_id, login_date, au_fec_alta, au_usu_alta, au_proc_alta) VALUES (, , SYSDATE(), SYSDATE(), 100000, 'index.php');
---
2022-11-17 18:34:23(0.37647600 1668706463) - Entorno LOCAL
---
2022-11-17 18:34:23(0.38114900 1668706463) - INSERT INTO accesos_usuarios(user_id, perfil_id, login_date, au_fec_alta, au_usu_alta, au_proc_alta) VALUES (, , SYSDATE(), SYSDATE(), 100000, 'index.php');
---
2022-11-17 18:34:39(0.92892300 1668706479) - Entorno LOCAL
---
2022-11-17 18:34:39(0.93309300 1668706479) - INSERT INTO accesos_usuarios(user_id, perfil_id, login_date, au_fec_alta, au_usu_alta, au_proc_alta) VALUES (, , SYSDATE(), SYSDATE(), 100000, 'index.php');
---
2022-11-17 18:35:12(0.53277300 1668706512) - SELECT mu.id, mu.id_perfil, mp.perfil, mu.nombre, mu.apellidos, mu.username, mu.password FROM master_usuarios mu INNER JOIN master_perfil mp ON mu.id_perfil=mp.id AND mp.activo=1 WHERE mu.username = ? and mu.activo=1
---
2022-11-17 18:35:12(0.62480700 1668706512) - Usuario 'guille'
---
2022-11-17 18:35:12(0.62656100 1668706512) - Login correcto de usuario 7
---
2022-11-17 18:35:12(0.62915200 1668706512) - Entorno LOCAL
---
2022-11-17 18:35:12(0.63259000 1668706512) - INSERT INTO accesos_usuarios(user_id, perfil_id, login_date, au_fec_alta, au_usu_alta, au_proc_alta) VALUES (7, 1, SYSDATE(), SYSDATE(), 100000, 'login.php');
---
2022-11-17 18:35:12(0.66178400 1668706512) - Entorno LOCAL
---
2022-11-17 18:35:12(0.68182700 1668706512) - INSERT INTO accesos_usuarios(user_id, perfil_id, login_date, au_fec_alta, au_usu_alta, au_proc_alta) VALUES (7, 1, SYSDATE(), SYSDATE(), 100000, 'index.php');
---
2022-11-17 18:35:12(0.69936300 1668706512) - select * from venta
---
2022-11-17 18:35:12(0.70295100 1668706512) - SELECT sum(aforo) as suma FROM master_aulas WHERE tipo=1
---
2022-11-17 18:35:12(0.70880500 1668706512) - SELECT * FROM estados WHERE aula=1 AND puesto=1 ORDER BY au_fec_alta DESC
---
