2022-11-15 20:13:38(0.70494500 1668539618) - SELECT mu.id, mu.id_perfil, mp.perfil, mu.nombre, mu.apellidos, mu.username, mu.password FROM master_usuarios mu INNER JOIN master_perfil mp ON mu.id_perfil=mp.id AND mp.activo=1 WHERE mu.username = ? and mu.activo=1
---
2022-11-15 20:13:38(0.78051000 1668539618) - Usuario 'guille'
---
2022-11-15 20:13:38(0.78302900 1668539618) - Login correcto de usuario 7
---
2022-11-15 20:13:38(0.80640800 1668539618) - select * from venta
---
2022-11-15 20:13:38(0.81246800 1668539618) - SELECT sum(aforo) as suma FROM master_aulas WHERE tipo=1
---
2022-11-15 20:20:19(0.25983600 1668540019) - Entorno LOCAL
---
2022-11-15 20:20:19(0.26433700 1668540019) - INSERT INTO accesos_usuarios(user_id, perfil_id, login_date, au_fec_alta, au_usu_alta, au_proc_alta) VALUES (7, 1, SYSDATE(), SYSDATE(), 100000, 'index.php');
---
2022-11-15 20:20:19(0.27575600 1668540019) - select * from venta
---
2022-11-15 20:20:19(0.27999400 1668540019) - SELECT sum(aforo) as suma FROM master_aulas WHERE tipo=1
---
2022-11-15 20:20:19(0.30157500 1668540019) - SELECT estado FROM estados WHERE aula=1 AND puesto=1 ORDER BY au_fec_alta DESC
---
2022-11-15 20:20:40(0.18437200 1668540040) - Entorno LOCAL
---
2022-11-15 20:20:40(0.20579700 1668540040) - INSERT INTO accesos_usuarios(user_id, perfil_id, login_date, au_fec_alta, au_usu_alta, au_proc_alta) VALUES (7, 1, SYSDATE(), SYSDATE(), 100000, 'index.php');
---
2022-11-15 20:20:40(0.22229600 1668540040) - select * from venta
---
2022-11-15 20:20:40(0.22636900 1668540040) - SELECT sum(aforo) as suma FROM master_aulas WHERE tipo=1
---
2022-11-15 20:20:40(0.23487400 1668540040) - SELECT estado FROM estados WHERE aula=1 AND puesto=1 ORDER BY au_fec_alta DESC
---
2022-11-15 20:23:03(0.97423600 1668540183) - Entorno LOCAL
---
2022-11-15 20:23:03(0.98004500 1668540183) - INSERT INTO accesos_usuarios(user_id, perfil_id, login_date, au_fec_alta, au_usu_alta, au_proc_alta) VALUES (7, 1, SYSDATE(), SYSDATE(), 100000, 'index.php');
---
2022-11-15 20:23:03(0.99048600 1668540183) - select * from venta
---
2022-11-15 20:23:03(0.99616600 1668540183) - SELECT sum(aforo) as suma FROM master_aulas WHERE tipo=1
---
2022-11-15 20:23:04(0.00227500 1668540184) - SELECT * FROM estados WHERE aula=1 AND puesto=1 ORDER BY au_fec_alta DESC
---
2022-11-15 20:24:07(0.21342700 1668540247) - Entorno LOCAL
---
2022-11-15 20:24:07(0.22336000 1668540247) - INSERT INTO accesos_usuarios(user_id, perfil_id, login_date, au_fec_alta, au_usu_alta, au_proc_alta) VALUES (7, 1, SYSDATE(), SYSDATE(), 100000, 'index.php');
---
2022-11-15 20:24:07(0.28495400 1668540247) - select * from venta
---
2022-11-15 20:24:07(0.29188100 1668540247) - SELECT sum(aforo) as suma FROM master_aulas WHERE tipo=1
---
2022-11-15 20:24:07(0.29986700 1668540247) - SELECT * FROM estados WHERE aula=1 AND puesto=1 ORDER BY au_fec_alta DESC
---
2022-11-15 20:25:11(0.02990300 1668540311) - Entorno LOCAL
---
2022-11-15 20:25:11(0.03599100 1668540311) - INSERT INTO accesos_usuarios(user_id, perfil_id, login_date, au_fec_alta, au_usu_alta, au_proc_alta) VALUES (7, 1, SYSDATE(), SYSDATE(), 100000, 'index.php');
---
2022-11-15 20:25:11(0.04801000 1668540311) - select * from venta
---
2022-11-15 20:25:11(0.05322600 1668540311) - SELECT sum(aforo) as suma FROM master_aulas WHERE tipo=1
---
2022-11-15 20:25:11(0.06037200 1668540311) - SELECT * FROM estados WHERE aula=1 AND puesto=1 ORDER BY au_fec_alta DESC
---
2022-11-15 20:25:12(0.00517600 1668540312) - Entorno LOCAL
---
2022-11-15 20:25:12(0.01704800 1668540312) - INSERT INTO accesos_usuarios(user_id, perfil_id, login_date, au_fec_alta, au_usu_alta, au_proc_alta) VALUES (7, 1, SYSDATE(), SYSDATE(), 100000, 'index.php');
---
2022-11-15 20:25:12(0.04901800 1668540312) - select * from venta
---
2022-11-15 20:25:12(0.05361600 1668540312) - SELECT sum(aforo) as suma FROM master_aulas WHERE tipo=1
---
2022-11-15 20:25:12(0.07939900 1668540312) - SELECT * FROM estados WHERE aula=1 AND puesto=1 ORDER BY au_fec_alta DESC
---
2022-11-15 20:25:12(0.67586600 1668540312) - Entorno LOCAL
---
2022-11-15 20:25:12(0.68196500 1668540312) - INSERT INTO accesos_usuarios(user_id, perfil_id, login_date, au_fec_alta, au_usu_alta, au_proc_alta) VALUES (7, 1, SYSDATE(), SYSDATE(), 100000, 'index.php');
---
2022-11-15 20:25:12(0.69626100 1668540312) - select * from venta
---
2022-11-15 20:25:12(0.70343400 1668540312) - SELECT sum(aforo) as suma FROM master_aulas WHERE tipo=1
---
2022-11-15 20:25:12(0.71489400 1668540312) - SELECT * FROM estados WHERE aula=1 AND puesto=1 ORDER BY au_fec_alta DESC
---
2022-11-15 20:29:20(0.61064100 1668540560) - SELECT mu.id, mu.id_perfil, mp.perfil, mu.nombre, mu.apellidos, mu.username, mu.password FROM master_usuarios mu INNER JOIN master_perfil mp ON mu.id_perfil=mp.id AND mp.activo=1 WHERE mu.username = ? and mu.activo=1
---
2022-11-15 20:29:20(0.67582700 1668540560) - Usuario 'guille'
---
2022-11-15 20:29:20(0.67914700 1668540560) - Login correcto de usuario 7
---
2022-11-15 20:29:20(0.69206100 1668540560) - Entorno LOCAL
---
2022-11-15 20:29:20(0.71773300 1668540560) - INSERT INTO accesos_usuarios(user_id, perfil_id, login_date, au_fec_alta, au_usu_alta, au_proc_alta) VALUES (7, 1, SYSDATE(), SYSDATE(), 100000, 'login.php');
---
2022-11-15 20:29:20(0.75529100 1668540560) - Entorno LOCAL
---
2022-11-15 20:29:20(0.76029300 1668540560) - INSERT INTO accesos_usuarios(user_id, perfil_id, login_date, au_fec_alta, au_usu_alta, au_proc_alta) VALUES (7, 1, SYSDATE(), SYSDATE(), 100000, 'index.php');
---
2022-11-15 20:29:20(0.79566200 1668540560) - select * from venta
---
2022-11-15 20:29:20(0.80200000 1668540560) - SELECT sum(aforo) as suma FROM master_aulas WHERE tipo=1
---
2022-11-15 20:29:20(0.80807000 1668540560) - SELECT * FROM estados WHERE aula=1 AND puesto=1 ORDER BY au_fec_alta DESC
---
2022-11-15 20:39:37(0.52485500 1668541177) - SELECT mu.id, mu.id_perfil, mp.perfil, mu.nombre, mu.apellidos, mu.username, mu.password FROM master_usuarios mu INNER JOIN master_perfil mp ON mu.id_perfil=mp.id AND mp.activo=1 WHERE mu.username = ? and mu.activo=1
---
2022-11-15 20:39:37(0.60420500 1668541177) - Usuario 'guille'
---
2022-11-15 20:39:37(0.60787900 1668541177) - Login correcto de usuario 7
---
2022-11-15 20:39:37(0.61196000 1668541177) - Entorno LOCAL
---
2022-11-15 20:39:37(0.61796700 1668541177) - INSERT INTO accesos_usuarios(user_id, perfil_id, login_date, au_fec_alta, au_usu_alta, au_proc_alta) VALUES (7, 1, SYSDATE(), SYSDATE(), 100000, 'login.php');
---
2022-11-15 20:39:37(0.64172200 1668541177) - Entorno LOCAL
---
2022-11-15 20:39:37(0.64671900 1668541177) - INSERT INTO accesos_usuarios(user_id, perfil_id, login_date, au_fec_alta, au_usu_alta, au_proc_alta) VALUES (7, 1, SYSDATE(), SYSDATE(), 100000, 'index.php');
---
2022-11-15 20:39:37(0.68191900 1668541177) - select * from venta
---
2022-11-15 20:39:37(0.68664800 1668541177) - SELECT sum(aforo) as suma FROM master_aulas WHERE tipo=1
---
2022-11-15 20:39:37(0.69136200 1668541177) - SELECT * FROM estados WHERE aula=1 AND puesto=1 ORDER BY au_fec_alta DESC
---
2022-11-15 20:41:58(0.05270400 1668541318) - SELECT mu.id, mu.id_perfil, mp.perfil, mu.nombre, mu.apellidos, mu.username, mu.password FROM master_usuarios mu INNER JOIN master_perfil mp ON mu.id_perfil=mp.id AND mp.activo=1 WHERE mu.username = ? and mu.activo=1
---
2022-11-15 20:41:58(0.13608700 1668541318) - Usuario 'guille'
---
2022-11-15 20:41:58(0.13932200 1668541318) - Login correcto de usuario 7
---
2022-11-15 20:41:58(0.14448500 1668541318) - Entorno LOCAL
---
2022-11-15 20:41:58(0.15159400 1668541318) - INSERT INTO accesos_usuarios(user_id, perfil_id, login_date, au_fec_alta, au_usu_alta, au_proc_alta) VALUES (7, 1, SYSDATE(), SYSDATE(), 100000, 'login.php');
---
2022-11-15 20:41:58(0.18420900 1668541318) - Entorno LOCAL
---
2022-11-15 20:41:58(0.18980800 1668541318) - INSERT INTO accesos_usuarios(user_id, perfil_id, login_date, au_fec_alta, au_usu_alta, au_proc_alta) VALUES (7, 1, SYSDATE(), SYSDATE(), 100000, 'index.php');
---
2022-11-15 20:41:58(0.20183800 1668541318) - select * from venta
---
2022-11-15 20:41:58(0.20786700 1668541318) - SELECT sum(aforo) as suma FROM master_aulas WHERE tipo=1
---
2022-11-15 20:41:58(0.21367300 1668541318) - SELECT * FROM estados WHERE aula=1 AND puesto=1 ORDER BY au_fec_alta DESC
---
