2022-11-26 10:00:43(0.04491200 1669453243) - SELECT mu.id, mu.id_perfil, mp.perfil, mu.nombre, mu.apellidos, mu.username, mu.password FROM master_usuarios mu INNER JOIN master_perfil mp ON mu.id_perfil=mp.id AND mp.activo=1 WHERE mu.username = ? and mu.activo=1
---
2022-11-26 10:00:43(0.16578300 1669453243) - Login correcto de usuario guille (id 7)
---
2022-11-26 10:00:43(0.19329500 1669453243) - INSERT INTO accesos_usuarios(user_id, perfil_id, login_date, au_fec_alta, au_usu_alta, au_proc_alta) VALUES (7, 1, SYSDATE(), SYSDATE(), 100000, 'login.php');
---
2022-11-26 10:04:21(0.45203600 1669453461) - select * from venta
---
2022-11-26 10:04:21(0.45542400 1669453461) - SELECT sum(aforo) as suma FROM master_aulas WHERE tipo=1
---
2022-11-26 10:04:21(0.46052300 1669453461) - SELECT * FROM estados WHERE aula=1 AND puesto=1 AND YEAR(au_fec_alta)=YEAR('2022-11-11') AND MONTH(au_fec_alta)=MONTH('2022-11-11') AND DAY(au_fec_alta)=DAY('2022-11-11') AND HOUR(au_fec_alta)=12
---
2022-11-26 10:04:21(0.46262600 1669453461) - SELECT * FROM reservas WHERE puesto=1 AND YEAR(au_fec_alta)=YEAR('2022-11-11') AND MONTH(au_fec_alta)=MONTH('2022-11-11') AND DAY(au_fec_alta)=DAY('2022-11-11') AND HOUR(au_fec_alta)=12 AND id_usuario=7
---
2022-11-26 10:06:09(0.82964400 1669453569) - select * from venta
---
2022-11-26 10:06:09(0.83308700 1669453569) - SELECT sum(aforo) as suma FROM master_aulas WHERE tipo=1
---
2022-11-26 10:06:09(0.83625100 1669453569) - SELECT * FROM estados WHERE aula=1 AND puesto=1 AND YEAR(au_fec_alta)=YEAR('2022-11-11') AND MONTH(au_fec_alta)=MONTH('2022-11-11') AND DAY(au_fec_alta)=DAY('2022-11-11') AND HOUR(au_fec_alta)=12
---
2022-11-26 10:06:09(0.83865200 1669453569) - SELECT * FROM reservas WHERE puesto=1 AND YEAR(au_fec_alta)=YEAR('2022-11-11') AND MONTH(au_fec_alta)=MONTH('2022-11-11') AND DAY(au_fec_alta)=DAY('2022-11-11') AND HOUR(au_fec_alta)=12 AND id_usuario=7
---
2022-11-26 10:06:10(0.70667300 1669453570) - select * from venta
---
2022-11-26 10:06:10(0.72138900 1669453570) - SELECT sum(aforo) as suma FROM master_aulas WHERE tipo=1
---
2022-11-26 10:06:10(0.72538300 1669453570) - SELECT * FROM estados WHERE aula=1 AND puesto=1 AND YEAR(au_fec_alta)=YEAR('2022-11-11') AND MONTH(au_fec_alta)=MONTH('2022-11-11') AND DAY(au_fec_alta)=DAY('2022-11-11') AND HOUR(au_fec_alta)=12
---
2022-11-26 10:06:10(0.72789300 1669453570) - SELECT * FROM reservas WHERE puesto=1 AND YEAR(au_fec_alta)=YEAR('2022-11-11') AND MONTH(au_fec_alta)=MONTH('2022-11-11') AND DAY(au_fec_alta)=DAY('2022-11-11') AND HOUR(au_fec_alta)=12 AND id_usuario=7
---
2022-11-26 10:06:11(0.13959500 1669453571) - select * from venta
---
2022-11-26 10:06:11(0.15665600 1669453571) - SELECT sum(aforo) as suma FROM master_aulas WHERE tipo=1
---
2022-11-26 10:06:11(0.15986000 1669453571) - SELECT * FROM estados WHERE aula=1 AND puesto=1 AND YEAR(au_fec_alta)=YEAR('2022-11-11') AND MONTH(au_fec_alta)=MONTH('2022-11-11') AND DAY(au_fec_alta)=DAY('2022-11-11') AND HOUR(au_fec_alta)=12
---
2022-11-26 10:06:11(0.16207400 1669453571) - SELECT * FROM reservas WHERE puesto=1 AND YEAR(au_fec_alta)=YEAR('2022-11-11') AND MONTH(au_fec_alta)=MONTH('2022-11-11') AND DAY(au_fec_alta)=DAY('2022-11-11') AND HOUR(au_fec_alta)=12 AND id_usuario=7
---
2022-11-26 10:06:11(0.45316300 1669453571) - select * from venta
---
2022-11-26 10:06:11(0.45790600 1669453571) - SELECT sum(aforo) as suma FROM master_aulas WHERE tipo=1
---
2022-11-26 10:06:11(0.46105400 1669453571) - SELECT * FROM estados WHERE aula=1 AND puesto=1 AND YEAR(au_fec_alta)=YEAR('2022-11-11') AND MONTH(au_fec_alta)=MONTH('2022-11-11') AND DAY(au_fec_alta)=DAY('2022-11-11') AND HOUR(au_fec_alta)=12
---
2022-11-26 10:06:11(0.46328600 1669453571) - SELECT * FROM reservas WHERE puesto=1 AND YEAR(au_fec_alta)=YEAR('2022-11-11') AND MONTH(au_fec_alta)=MONTH('2022-11-11') AND DAY(au_fec_alta)=DAY('2022-11-11') AND HOUR(au_fec_alta)=12 AND id_usuario=7
---
2022-11-26 10:06:32(0.19435700 1669453592) - select * from venta
---
2022-11-26 10:06:32(0.20953000 1669453592) - SELECT sum(aforo) as suma FROM master_aulas WHERE tipo=1
---
2022-11-26 10:06:32(0.22549000 1669453592) - SELECT * FROM estados WHERE aula=1 AND puesto=1 AND YEAR(au_fec_alta)=YEAR('2022-11-11') AND MONTH(au_fec_alta)=MONTH('2022-11-11') AND DAY(au_fec_alta)=DAY('2022-11-11') AND HOUR(au_fec_alta)=12
---
2022-11-26 10:06:32(0.22812000 1669453592) - SELECT * FROM reservas WHERE puesto=1 AND YEAR(au_fec_alta)=YEAR('2022-11-11') AND MONTH(au_fec_alta)=MONTH('2022-11-11') AND DAY(au_fec_alta)=DAY('2022-11-11') AND HOUR(au_fec_alta)=12 AND id_usuario=7
---
2022-11-26 10:06:32(0.79560200 1669453592) - select * from venta
---
2022-11-26 10:06:32(0.79859200 1669453592) - SELECT sum(aforo) as suma FROM master_aulas WHERE tipo=1
---
2022-11-26 10:06:32(0.81920600 1669453592) - SELECT * FROM estados WHERE aula=1 AND puesto=1 AND YEAR(au_fec_alta)=YEAR('2022-11-11') AND MONTH(au_fec_alta)=MONTH('2022-11-11') AND DAY(au_fec_alta)=DAY('2022-11-11') AND HOUR(au_fec_alta)=12
---
2022-11-26 10:06:32(0.82179600 1669453592) - SELECT * FROM reservas WHERE puesto=1 AND YEAR(au_fec_alta)=YEAR('2022-11-11') AND MONTH(au_fec_alta)=MONTH('2022-11-11') AND DAY(au_fec_alta)=DAY('2022-11-11') AND HOUR(au_fec_alta)=12 AND id_usuario=7
---
2022-11-26 10:06:33(0.07331400 1669453593) - select * from venta
---
2022-11-26 10:06:33(0.07786600 1669453593) - SELECT sum(aforo) as suma FROM master_aulas WHERE tipo=1
---
2022-11-26 10:06:33(0.09928900 1669453593) - SELECT * FROM estados WHERE aula=1 AND puesto=1 AND YEAR(au_fec_alta)=YEAR('2022-11-11') AND MONTH(au_fec_alta)=MONTH('2022-11-11') AND DAY(au_fec_alta)=DAY('2022-11-11') AND HOUR(au_fec_alta)=12
---
2022-11-26 10:06:33(0.10168900 1669453593) - SELECT * FROM reservas WHERE puesto=1 AND YEAR(au_fec_alta)=YEAR('2022-11-11') AND MONTH(au_fec_alta)=MONTH('2022-11-11') AND DAY(au_fec_alta)=DAY('2022-11-11') AND HOUR(au_fec_alta)=12 AND id_usuario=7
---
2022-11-26 10:06:33(0.33406400 1669453593) - select * from venta
---
2022-11-26 10:06:33(0.36182400 1669453593) - SELECT sum(aforo) as suma FROM master_aulas WHERE tipo=1
---
2022-11-26 10:06:33(0.37760000 1669453593) - SELECT * FROM estados WHERE aula=1 AND puesto=1 AND YEAR(au_fec_alta)=YEAR('2022-11-11') AND MONTH(au_fec_alta)=MONTH('2022-11-11') AND DAY(au_fec_alta)=DAY('2022-11-11') AND HOUR(au_fec_alta)=12
---
2022-11-26 10:06:33(0.38017800 1669453593) - SELECT * FROM reservas WHERE puesto=1 AND YEAR(au_fec_alta)=YEAR('2022-11-11') AND MONTH(au_fec_alta)=MONTH('2022-11-11') AND DAY(au_fec_alta)=DAY('2022-11-11') AND HOUR(au_fec_alta)=12 AND id_usuario=7
---
2022-11-26 10:07:20(0.25636900 1669453640) - select * from venta
---
2022-11-26 10:07:20(0.27991500 1669453640) - SELECT sum(aforo) as suma FROM master_aulas WHERE tipo=1
---
2022-11-26 10:07:20(0.28441700 1669453640) - SELECT * FROM estados WHERE aula=1 AND puesto=1 AND YEAR(au_fec_alta)=YEAR('2022-11-11') AND MONTH(au_fec_alta)=MONTH('2022-11-11') AND DAY(au_fec_alta)=DAY('2022-11-11') AND HOUR(au_fec_alta)=12
---
2022-11-26 10:07:20(0.28742500 1669453640) - SELECT * FROM reservas WHERE puesto=1 AND YEAR(au_fec_alta)=YEAR('2022-11-11') AND MONTH(au_fec_alta)=MONTH('2022-11-11') AND DAY(au_fec_alta)=DAY('2022-11-11') AND HOUR(au_fec_alta)=12 AND id_usuario=7
---
2022-11-26 10:07:21(0.12103400 1669453641) - select * from venta
---
2022-11-26 10:07:21(0.12596000 1669453641) - SELECT sum(aforo) as suma FROM master_aulas WHERE tipo=1
---
2022-11-26 10:07:21(0.12971100 1669453641) - SELECT * FROM estados WHERE aula=1 AND puesto=1 AND YEAR(au_fec_alta)=YEAR('2022-11-11') AND MONTH(au_fec_alta)=MONTH('2022-11-11') AND DAY(au_fec_alta)=DAY('2022-11-11') AND HOUR(au_fec_alta)=12
---
2022-11-26 10:07:21(0.13394000 1669453641) - SELECT * FROM reservas WHERE puesto=1 AND YEAR(au_fec_alta)=YEAR('2022-11-11') AND MONTH(au_fec_alta)=MONTH('2022-11-11') AND DAY(au_fec_alta)=DAY('2022-11-11') AND HOUR(au_fec_alta)=12 AND id_usuario=7
---
2022-11-26 10:07:21(0.40600900 1669453641) - select * from venta
---
2022-11-26 10:07:21(0.41435600 1669453641) - SELECT sum(aforo) as suma FROM master_aulas WHERE tipo=1
---
2022-11-26 10:07:21(0.41919000 1669453641) - SELECT * FROM estados WHERE aula=1 AND puesto=1 AND YEAR(au_fec_alta)=YEAR('2022-11-11') AND MONTH(au_fec_alta)=MONTH('2022-11-11') AND DAY(au_fec_alta)=DAY('2022-11-11') AND HOUR(au_fec_alta)=12
---
2022-11-26 10:07:21(0.42322100 1669453641) - SELECT * FROM reservas WHERE puesto=1 AND YEAR(au_fec_alta)=YEAR('2022-11-11') AND MONTH(au_fec_alta)=MONTH('2022-11-11') AND DAY(au_fec_alta)=DAY('2022-11-11') AND HOUR(au_fec_alta)=12 AND id_usuario=7
---
2022-11-26 10:07:21(0.57088600 1669453641) - select * from venta
---
2022-11-26 10:07:21(0.57662400 1669453641) - SELECT sum(aforo) as suma FROM master_aulas WHERE tipo=1
---
2022-11-26 10:07:21(0.58018800 1669453641) - SELECT * FROM estados WHERE aula=1 AND puesto=1 AND YEAR(au_fec_alta)=YEAR('2022-11-11') AND MONTH(au_fec_alta)=MONTH('2022-11-11') AND DAY(au_fec_alta)=DAY('2022-11-11') AND HOUR(au_fec_alta)=12
---
2022-11-26 10:07:21(0.58228800 1669453641) - SELECT * FROM reservas WHERE puesto=1 AND YEAR(au_fec_alta)=YEAR('2022-11-11') AND MONTH(au_fec_alta)=MONTH('2022-11-11') AND DAY(au_fec_alta)=DAY('2022-11-11') AND HOUR(au_fec_alta)=12 AND id_usuario=7
---
2022-11-26 10:08:17(0.26087200 1669453697) - select * from venta
---
2022-11-26 10:08:17(0.27957800 1669453697) - SELECT sum(aforo) as suma FROM master_aulas WHERE tipo=1
---
2022-11-26 10:08:17(0.29540000 1669453697) - SELECT * FROM estados WHERE aula=1 AND puesto=1 AND YEAR(au_fec_alta)=YEAR('2022-11-11') AND MONTH(au_fec_alta)=MONTH('2022-11-11') AND DAY(au_fec_alta)=DAY('2022-11-11') AND HOUR(au_fec_alta)=12
---
2022-11-26 10:08:17(0.29940400 1669453697) - SELECT * FROM reservas WHERE puesto=1 AND YEAR(au_fec_alta)=YEAR('2022-11-11') AND MONTH(au_fec_alta)=MONTH('2022-11-11') AND DAY(au_fec_alta)=DAY('2022-11-11') AND HOUR(au_fec_alta)=12 AND id_usuario=7
---
2022-11-26 10:08:17(0.74822000 1669453697) - select * from venta
---
2022-11-26 10:08:17(0.76375200 1669453697) - SELECT sum(aforo) as suma FROM master_aulas WHERE tipo=1
---
2022-11-26 10:08:17(0.77813000 1669453697) - SELECT * FROM estados WHERE aula=1 AND puesto=1 AND YEAR(au_fec_alta)=YEAR('2022-11-11') AND MONTH(au_fec_alta)=MONTH('2022-11-11') AND DAY(au_fec_alta)=DAY('2022-11-11') AND HOUR(au_fec_alta)=12
---
2022-11-26 10:08:17(0.78204500 1669453697) - SELECT * FROM reservas WHERE puesto=1 AND YEAR(au_fec_alta)=YEAR('2022-11-11') AND MONTH(au_fec_alta)=MONTH('2022-11-11') AND DAY(au_fec_alta)=DAY('2022-11-11') AND HOUR(au_fec_alta)=12 AND id_usuario=7
---
2022-11-26 10:22:31(0.19544300 1669454551) - select * from venta
---
2022-11-26 10:22:31(0.19929100 1669454551) - SELECT sum(aforo) as suma FROM master_aulas WHERE tipo=1
---
2022-11-26 10:22:31(0.22525800 1669454551) - SELECT * FROM estados WHERE aula=1 AND puesto=1 AND YEAR(au_fec_alta)=YEAR('2022-11-11') AND MONTH(au_fec_alta)=MONTH('2022-11-11') AND DAY(au_fec_alta)=DAY('2022-11-11') AND HOUR(au_fec_alta)=12
---
2022-11-26 10:22:31(0.22801300 1669454551) - SELECT * FROM reservas WHERE puesto=1 AND YEAR(au_fec_alta)=YEAR('2022-11-11') AND MONTH(au_fec_alta)=MONTH('2022-11-11') AND DAY(au_fec_alta)=DAY('2022-11-11') AND HOUR(au_fec_alta)=12 AND id_usuario=7
---
2022-11-26 10:22:51(0.42595200 1669454571) - select * from venta
---
2022-11-26 10:22:51(0.44000800 1669454571) - SELECT sum(aforo) as suma FROM master_aulas WHERE tipo=1
---
2022-11-26 10:22:51(0.45547000 1669454571) - SELECT * FROM estados WHERE aula=1 AND puesto=1 AND YEAR(au_fec_alta)=YEAR('2022-11-11') AND MONTH(au_fec_alta)=MONTH('2022-11-11') AND DAY(au_fec_alta)=DAY('2022-11-11') AND HOUR(au_fec_alta)=12
---
2022-11-26 10:22:51(0.45857200 1669454571) - SELECT * FROM reservas WHERE puesto=1 AND YEAR(au_fec_alta)=YEAR('2022-11-11') AND MONTH(au_fec_alta)=MONTH('2022-11-11') AND DAY(au_fec_alta)=DAY('2022-11-11') AND HOUR(au_fec_alta)=12 AND id_usuario=7
---
2022-11-26 10:23:44(0.37796300 1669454624) - select * from venta
---
2022-11-26 10:23:44(0.40279100 1669454624) - SELECT sum(aforo) as suma FROM master_aulas WHERE tipo=1
---
2022-11-26 10:23:44(0.41799400 1669454624) - SELECT * FROM estados WHERE aula=1 AND puesto=1 AND YEAR(au_fec_alta)=YEAR('2022-11-11') AND MONTH(au_fec_alta)=MONTH('2022-11-11') AND DAY(au_fec_alta)=DAY('2022-11-11') AND HOUR(au_fec_alta)=12
---
2022-11-26 10:23:44(0.42134200 1669454624) - SELECT * FROM reservas WHERE puesto=1 AND YEAR(au_fec_alta)=YEAR('2022-11-11') AND MONTH(au_fec_alta)=MONTH('2022-11-11') AND DAY(au_fec_alta)=DAY('2022-11-11') AND HOUR(au_fec_alta)=12 AND id_usuario=7
---
2022-11-26 10:28:45(0.77823900 1669454925) - select * from venta
---
2022-11-26 10:28:45(0.80031300 1669454925) - SELECT sum(aforo) as suma FROM master_aulas WHERE tipo=1
---
2022-11-26 10:28:45(0.81595800 1669454925) - gesEstadoPuesto: 1, 1, 2022-11-11, 12
---
2022-11-26 10:28:45(0.81856300 1669454925) - SELECT * FROM estados WHERE aula=1 AND puesto=1 AND YEAR(au_fec_alta)=YEAR('2022-11-11') AND MONTH(au_fec_alta)=MONTH('2022-11-11') AND DAY(au_fec_alta)=DAY('2022-11-11') AND HOUR(au_fec_alta)=12
---
2022-11-26 10:28:45(0.82159400 1669454925) - SELECT * FROM reservas WHERE puesto=1 AND YEAR(au_fec_alta)=YEAR('2022-11-11') AND MONTH(au_fec_alta)=MONTH('2022-11-11') AND DAY(au_fec_alta)=DAY('2022-11-11') AND HOUR(au_fec_alta)=12 AND id_usuario=7
---
2022-11-26 10:36:08(0.70705600 1669455368) - select * from venta
---
2022-11-26 10:36:08(0.71066500 1669455368) - SELECT sum(aforo) as suma FROM master_aulas WHERE tipo=1
---
2022-11-26 10:36:08(0.71479800 1669455368) - gesEstadoPuesto: 1, 1, 2022-11-11, 12
---
2022-11-26 10:36:08(0.71738300 1669455368) - SELECT * FROM estados WHERE aula=1 AND puesto=1 AND YEAR(au_fec_alta)=YEAR('2022-11-11') AND MONTH(au_fec_alta)=MONTH('2022-11-11') AND DAY(au_fec_alta)=DAY('2022-11-11') AND HOUR(au_fec_alta)=12
---
2022-11-26 10:36:08(0.71967500 1669455368) - SELECT * FROM reservas WHERE puesto=1 AND YEAR(au_fec_alta)=YEAR('2022-11-11') AND MONTH(au_fec_alta)=MONTH('2022-11-11') AND DAY(au_fec_alta)=DAY('2022-11-11') AND HOUR(au_fec_alta)=12 AND id_usuario=7
---
2022-11-26 10:36:09(0.52817300 1669455369) - select * from venta
---
2022-11-26 10:36:09(0.53248600 1669455369) - SELECT sum(aforo) as suma FROM master_aulas WHERE tipo=1
---
2022-11-26 10:36:09(0.53657600 1669455369) - gesEstadoPuesto: 1, 1, 2022-11-11, 12
---
2022-11-26 10:36:09(0.53887400 1669455369) - SELECT * FROM estados WHERE aula=1 AND puesto=1 AND YEAR(au_fec_alta)=YEAR('2022-11-11') AND MONTH(au_fec_alta)=MONTH('2022-11-11') AND DAY(au_fec_alta)=DAY('2022-11-11') AND HOUR(au_fec_alta)=12
---
2022-11-26 10:36:09(0.54150000 1669455369) - SELECT * FROM reservas WHERE puesto=1 AND YEAR(au_fec_alta)=YEAR('2022-11-11') AND MONTH(au_fec_alta)=MONTH('2022-11-11') AND DAY(au_fec_alta)=DAY('2022-11-11') AND HOUR(au_fec_alta)=12 AND id_usuario=7
---
2022-11-26 10:36:10(0.02518300 1669455370) - select * from venta
---
2022-11-26 10:36:10(0.02865600 1669455370) - SELECT sum(aforo) as suma FROM master_aulas WHERE tipo=1
---
2022-11-26 10:36:10(0.03285600 1669455370) - gesEstadoPuesto: 1, 1, 2022-11-11, 12
---
2022-11-26 10:36:10(0.03556700 1669455370) - SELECT * FROM estados WHERE aula=1 AND puesto=1 AND YEAR(au_fec_alta)=YEAR('2022-11-11') AND MONTH(au_fec_alta)=MONTH('2022-11-11') AND DAY(au_fec_alta)=DAY('2022-11-11') AND HOUR(au_fec_alta)=12
---
2022-11-26 10:36:10(0.03823000 1669455370) - SELECT * FROM reservas WHERE puesto=1 AND YEAR(au_fec_alta)=YEAR('2022-11-11') AND MONTH(au_fec_alta)=MONTH('2022-11-11') AND DAY(au_fec_alta)=DAY('2022-11-11') AND HOUR(au_fec_alta)=12 AND id_usuario=7
---
2022-11-26 10:36:47(0.23631400 1669455407) - select * from venta
---
2022-11-26 10:36:47(0.24114900 1669455407) - SELECT sum(aforo) as suma FROM master_aulas WHERE tipo=1
---
2022-11-26 10:36:47(0.26608300 1669455407) - gesEstadoPuesto: 1, 1, 2022-11-11, 12
---
2022-11-26 10:36:47(0.26953100 1669455407) - SELECT * FROM estados WHERE aula=1 AND puesto=1 AND YEAR(au_fec_alta)=YEAR('2022-11-11') AND MONTH(au_fec_alta)=MONTH('2022-11-11') AND DAY(au_fec_alta)=DAY('2022-11-11') AND HOUR(au_fec_alta)=12
---
2022-11-26 10:36:47(0.27300900 1669455407) - SELECT * FROM reservas WHERE puesto=1 AND YEAR(au_fec_alta)=YEAR('2022-11-11') AND MONTH(au_fec_alta)=MONTH('2022-11-11') AND DAY(au_fec_alta)=DAY('2022-11-11') AND HOUR(au_fec_alta)=12 AND id_usuario=7
---
2022-11-26 10:37:01(0.36811800 1669455421) - select * from venta
---
2022-11-26 10:37:01(0.38326200 1669455421) - SELECT sum(aforo) as suma FROM master_aulas WHERE tipo=1
---
2022-11-26 10:37:01(0.39914900 1669455421) - gesEstadoPuesto: 1, 1, 2022-11-11, 12
---
2022-11-26 10:37:01(0.40286600 1669455421) - SELECT * FROM estados WHERE aula=1 AND puesto=1 AND YEAR(au_fec_alta)=YEAR('2022-11-11') AND MONTH(au_fec_alta)=MONTH('2022-11-11') AND DAY(au_fec_alta)=DAY('2022-11-11') AND HOUR(au_fec_alta)=12
---
2022-11-26 10:37:01(0.40707300 1669455421) - SELECT * FROM reservas WHERE puesto=1 AND YEAR(au_fec_alta)=YEAR('2022-11-11') AND MONTH(au_fec_alta)=MONTH('2022-11-11') AND DAY(au_fec_alta)=DAY('2022-11-11') AND HOUR(au_fec_alta)=12 AND id_usuario=7
---
2022-11-26 10:41:57(0.00736300 1669455717) - select * from venta
---
2022-11-26 10:41:57(0.01325700 1669455717) - SELECT sum(aforo) as suma FROM master_aulas WHERE tipo=1
---
2022-11-26 10:41:57(0.03454700 1669455717) - gesEstadoPuesto: 1, 1, 2022-11-11, 12
---
2022-11-26 10:41:57(0.03705200 1669455717) - SELECT * FROM estados WHERE aula=1 AND puesto=1 AND YEAR(au_fec_alta)=YEAR('2022-11-11') AND MONTH(au_fec_alta)=MONTH('2022-11-11') AND DAY(au_fec_alta)=DAY('2022-11-11') AND HOUR(au_fec_alta)=12
---
2022-11-26 10:41:57(0.03983500 1669455717) - SELECT * FROM reservas WHERE puesto=1 AND YEAR(au_fec_alta)=YEAR('2022-11-11 12:00:00') AND MONTH(au_fec_alta)=MONTH('2022-11-11 12:00:00') AND DAY(au_fec_alta)=DAY('2022-11-11 12:00:00') AND HOUR(au_fec_alta)=12 AND id_usuario=7
---
2022-11-26 10:41:57(0.80026900 1669455717) - select * from venta
---
2022-11-26 10:41:57(0.81564600 1669455717) - SELECT sum(aforo) as suma FROM master_aulas WHERE tipo=1
---
2022-11-26 10:41:57(0.82030400 1669455717) - gesEstadoPuesto: 1, 1, 2022-11-11, 12
---
2022-11-26 10:41:57(0.82311100 1669455717) - SELECT * FROM estados WHERE aula=1 AND puesto=1 AND YEAR(au_fec_alta)=YEAR('2022-11-11') AND MONTH(au_fec_alta)=MONTH('2022-11-11') AND DAY(au_fec_alta)=DAY('2022-11-11') AND HOUR(au_fec_alta)=12
---
2022-11-26 10:41:57(0.82654300 1669455717) - SELECT * FROM reservas WHERE puesto=1 AND YEAR(au_fec_alta)=YEAR('2022-11-11 12:00:00') AND MONTH(au_fec_alta)=MONTH('2022-11-11 12:00:00') AND DAY(au_fec_alta)=DAY('2022-11-11 12:00:00') AND HOUR(au_fec_alta)=12 AND id_usuario=7
---
2022-11-26 10:41:58(0.04047800 1669455718) - select * from venta
---
2022-11-26 10:41:58(0.04435100 1669455718) - SELECT sum(aforo) as suma FROM master_aulas WHERE tipo=1
---
2022-11-26 10:41:58(0.04999100 1669455718) - gesEstadoPuesto: 1, 1, 2022-11-11, 12
---
2022-11-26 10:41:58(0.05288200 1669455718) - SELECT * FROM estados WHERE aula=1 AND puesto=1 AND YEAR(au_fec_alta)=YEAR('2022-11-11') AND MONTH(au_fec_alta)=MONTH('2022-11-11') AND DAY(au_fec_alta)=DAY('2022-11-11') AND HOUR(au_fec_alta)=12
---
2022-11-26 10:41:58(0.05536300 1669455718) - SELECT * FROM reservas WHERE puesto=1 AND YEAR(au_fec_alta)=YEAR('2022-11-11 12:00:00') AND MONTH(au_fec_alta)=MONTH('2022-11-11 12:00:00') AND DAY(au_fec_alta)=DAY('2022-11-11 12:00:00') AND HOUR(au_fec_alta)=12 AND id_usuario=7
---
2022-11-26 10:41:58(0.29999500 1669455718) - select * from venta
---
2022-11-26 10:41:58(0.32756200 1669455718) - SELECT sum(aforo) as suma FROM master_aulas WHERE tipo=1
---
2022-11-26 10:41:58(0.33565600 1669455718) - gesEstadoPuesto: 1, 1, 2022-11-11, 12
---
2022-11-26 10:41:58(0.34071600 1669455718) - SELECT * FROM estados WHERE aula=1 AND puesto=1 AND YEAR(au_fec_alta)=YEAR('2022-11-11') AND MONTH(au_fec_alta)=MONTH('2022-11-11') AND DAY(au_fec_alta)=DAY('2022-11-11') AND HOUR(au_fec_alta)=12
---
2022-11-26 10:41:58(0.34559900 1669455718) - SELECT * FROM reservas WHERE puesto=1 AND YEAR(au_fec_alta)=YEAR('2022-11-11 12:00:00') AND MONTH(au_fec_alta)=MONTH('2022-11-11 12:00:00') AND DAY(au_fec_alta)=DAY('2022-11-11 12:00:00') AND HOUR(au_fec_alta)=12 AND id_usuario=7
---
2022-11-26 10:43:07(0.36796900 1669455787) - select * from venta
---
2022-11-26 10:43:07(0.38791500 1669455787) - SELECT sum(aforo) as suma FROM master_aulas WHERE tipo=1
---
2022-11-26 10:43:07(0.39306100 1669455787) - gesEstadoPuesto: 1, 1, 2022-11-11, 12
---
2022-11-26 10:43:07(0.39682700 1669455787) - SELECT * FROM estados WHERE aula=1 AND puesto=1 AND YEAR(au_fec_alta)=YEAR('2022-11-11') AND MONTH(au_fec_alta)=MONTH('2022-11-11') AND DAY(au_fec_alta)=DAY('2022-11-11') AND HOUR(au_fec_alta)=12
---
2022-11-26 10:43:07(0.40022500 1669455787) - SELECT * FROM reservas WHERE id_puesto=1 AND YEAR(au_fec_alta)=YEAR('2022-11-11 12:00:00') AND MONTH(au_fec_alta)=MONTH('2022-11-11 12:00:00') AND DAY(au_fec_alta)=DAY('2022-11-11 12:00:00') AND HOUR(au_fec_alta)=12 AND id_usuario=7
---
