2022-11-15 21:21:34(0.97242300 1668543694) - SELECT mu.id, mu.id_perfil, mp.perfil, mu.nombre, mu.apellidos, mu.username, mu.password FROM master_usuarios mu INNER JOIN master_perfil mp ON mu.id_perfil=mp.id AND mp.activo=1 WHERE mu.username = ? and mu.activo=1
---
2022-11-15 21:21:35(0.05858200 1668543695) - Usuario 'pablo.ggarcia'
---
2022-11-15 21:21:35(0.05898900 1668543695) - Login correcto de usuario 6
---
2022-11-15 21:21:35(0.06697300 1668543695) - Entorno LOCAL
---
2022-11-15 21:21:35(0.06856700 1668543695) - INSERT INTO accesos_usuarios(user_id, perfil_id, login_date, au_fec_alta, au_usu_alta, au_proc_alta) VALUES (6, 1, SYSDATE(), SYSDATE(), 100000, 'login.php');
---
2022-11-15 21:21:35(0.11719900 1668543695) - Entorno LOCAL
---
2022-11-15 21:21:35(0.11918900 1668543695) - INSERT INTO accesos_usuarios(user_id, perfil_id, login_date, au_fec_alta, au_usu_alta, au_proc_alta) VALUES (6, 1, SYSDATE(), SYSDATE(), 100000, 'index.php');
---
2022-11-15 21:21:35(0.12384200 1668543695) - select * from venta
---
2022-11-15 21:21:35(0.12575800 1668543695) - SELECT sum(aforo) as suma FROM master_aulas WHERE tipo=1
---
2022-11-15 21:21:35(0.13184400 1668543695) - SELECT * FROM estados WHERE aula=1 AND puesto=1 ORDER BY au_fec_alta DESC
---
2022-11-15 21:22:38(0.43896000 1668543758) - SELECT mu.id, mu.id_perfil, mp.perfil, mu.nombre, mu.apellidos, mu.username, mu.password FROM master_usuarios mu INNER JOIN master_perfil mp ON mu.id_perfil=mp.id AND mp.activo=1 WHERE mu.username = ? and mu.activo=1
---
2022-11-15 21:22:38(0.52205500 1668543758) - Usuario 'pablo.ggarcia'
---
2022-11-15 21:22:38(0.52235700 1668543758) - Login correcto de usuario 6
---
2022-11-15 21:22:38(0.52314700 1668543758) - Entorno LOCAL
---
2022-11-15 21:22:38(0.52459500 1668543758) - INSERT INTO accesos_usuarios(user_id, perfil_id, login_date, au_fec_alta, au_usu_alta, au_proc_alta) VALUES (6, 1, SYSDATE(), SYSDATE(), 100000, 'login.php');
---
2022-11-15 21:22:38(0.54339400 1668543758) - Entorno LOCAL
---
2022-11-15 21:22:38(0.56624500 1668543758) - INSERT INTO accesos_usuarios(user_id, perfil_id, login_date, au_fec_alta, au_usu_alta, au_proc_alta) VALUES (6, 1, SYSDATE(), SYSDATE(), 100000, 'index.php');
---
2022-11-15 21:22:38(0.58238500 1668543758) - select * from venta
---
2022-11-15 21:22:38(0.59811400 1668543758) - SELECT sum(aforo) as suma FROM master_aulas WHERE tipo=1
---
2022-11-15 21:22:38(0.59996900 1668543758) - SELECT * FROM estados WHERE aula=1 AND puesto=1 ORDER BY au_fec_alta DESC
---
