2022-11-25 12:54:11(0.98732600 1669377251) - SELECT mu.id, mu.id_perfil, mp.perfil, mu.nombre, mu.apellidos, mu.username, mu.password FROM master_usuarios mu INNER JOIN master_perfil mp ON mu.id_perfil=mp.id AND mp.activo=1 WHERE mu.username = ? and mu.activo=1
---
2022-11-25 12:54:12(0.27971900 1669377252) - Usuario 'pablo.ggarcia'
---
2022-11-25 12:54:12(0.28031900 1669377252) - Login correcto de usuario 6
---
2022-11-25 12:54:12(0.29650500 1669377252) - Entorno LOCAL
---
2022-11-25 12:54:12(0.31584400 1669377252) - INSERT INTO accesos_usuarios(user_id, perfil_id, login_date, au_fec_alta, au_usu_alta, au_proc_alta) VALUES (6, 1, SYSDATE(), SYSDATE(), 100000, 'login.php');
---
2022-11-25 12:54:12(0.45172200 1669377252) - Entorno LOCAL
---
2022-11-25 12:54:12(0.47509600 1669377252) - INSERT INTO accesos_usuarios(user_id, perfil_id, login_date, au_fec_alta, au_usu_alta, au_proc_alta) VALUES (6, 1, SYSDATE(), SYSDATE(), 100000, 'index.php');
---
2022-11-25 12:54:12(0.49955200 1669377252) - select * from venta
---
2022-11-25 12:54:12(0.53331700 1669377252) - SELECT sum(aforo) as suma FROM master_aulas WHERE tipo=1
---
2022-11-25 12:54:12(0.56764900 1669377252) - SELECT * FROM estados WHERE aula=1 AND puesto=1 ORDER BY au_fec_alta DESC
---
